2023-10-09 23:20:44,841 INFO o.s.t.c.s.AnnotationConfigContextLoaderUtils [main] Could not detect default configuration classes for test class [com.demo.app.controller.RestControllerIntegrationTestRA]: RestControllerIntegrationTestRA does not declare any static, non-private, non-final, nested classes annotated with @Configuration.
2023-10-09 23:20:45,004 INFO o.s.b.t.c.SpringBootTestContextBootstrapper [main] Found @SpringBootConfiguration com.demo.app.AppApplication for test class com.demo.app.controller.RestControllerIntegrationTestRA
2023-10-09 23:20:45,580 INFO o.s.b.StartupInfoLogger [main] Starting RestControllerIntegrationTestRA using Java 17.0.8 with PID 2852 (started by bangs in C:\Angshuman\Workspace\demo-app\spring-fargate-demo\app)
2023-10-09 23:20:45,584 DEBUG o.s.b.StartupInfoLogger [main] Running with Spring Boot v3.1.2, Spring v6.0.11
2023-10-09 23:20:45,585 INFO o.s.b.SpringApplication [main] No active profile set, falling back to 1 default profile: "default"
2023-10-09 23:20:46,676 INFO o.s.d.r.c.RepositoryConfigurationDelegate [main] Bootstrapping Spring Data JPA repositories in DEFAULT mode.
2023-10-09 23:20:46,753 INFO o.s.d.r.c.RepositoryConfigurationDelegate [main] Finished Spring Data repository scanning in 66 ms. Found 1 JPA repository interfaces.
2023-10-09 23:20:47,777 INFO o.s.b.w.e.t.TomcatWebServer [main] Tomcat initialized with port(s): 0 (http)
2023-10-09 23:20:47,788 INFO o.a.j.l.DirectJDKLog [main] Initializing ProtocolHandler ["http-nio-auto-1"]
2023-10-09 23:20:47,791 INFO o.a.j.l.DirectJDKLog [main] Starting service [Tomcat]
2023-10-09 23:20:47,791 INFO o.a.j.l.DirectJDKLog [main] Starting Servlet engine: [Apache Tomcat/10.1.11]
2023-10-09 23:20:47,913 INFO o.a.j.l.DirectJDKLog [main] Initializing Spring embedded WebApplicationContext
2023-10-09 23:20:47,915 INFO o.s.b.w.s.c.ServletWebServerApplicationContext [main] Root WebApplicationContext: initialization completed in 2019 ms
2023-10-09 23:20:47,979 INFO c.z.h.HikariDataSource [main] HikariPool-1 - Starting...
2023-10-09 23:20:48,304 INFO c.z.h.p.HikariPool [main] HikariPool-1 - Added connection conn0: url=jdbc:h2:mem:employeedb user=SA
2023-10-09 23:20:48,308 INFO c.z.h.HikariDataSource [main] HikariPool-1 - Start completed.
2023-10-09 23:20:48,324 INFO o.s.b.a.h.H2ConsoleAutoConfiguration [main] H2 console available at '/h2-console'. Database available at 'jdbc:h2:mem:employeedb'
2023-10-09 23:20:48,561 INFO o.h.j.i.u.LogHelper [main] HHH000204: Processing PersistenceUnitInfo [name: default]
2023-10-09 23:20:48,672 INFO o.h.Version [main] HHH000412: Hibernate ORM core version 6.2.6.Final
2023-10-09 23:20:48,676 INFO o.h.c.Environment [main] HHH000406: Using bytecode reflection optimizer
2023-10-09 23:20:48,900 INFO o.h.b.i.BytecodeProviderInitiator [main] HHH000021: Bytecode provider name : bytebuddy
2023-10-09 23:20:49,074 INFO o.s.o.j.p.SpringPersistenceUnitInfo [main] No LoadTimeWeaver setup: ignoring JPA class transformer
2023-10-09 23:20:49,446 INFO o.h.b.i.BytecodeProviderInitiator [main] HHH000021: Bytecode provider name : bytebuddy
2023-10-09 23:20:50,160 INFO o.h.e.t.j.p.i.JtaPlatformInitiator [main] HHH000490: Using JtaPlatform implementation: [org.hibernate.engine.transaction.jta.platform.internal.NoJtaPlatform]
2023-10-09 23:20:50,204 INFO o.s.o.j.AbstractEntityManagerFactoryBean [main] Initialized JPA EntityManagerFactory for persistence unit 'default'
2023-10-09 23:20:50,652 WARN o.s.b.a.o.j.JpaBaseConfiguration$JpaWebConfiguration [main] spring.jpa.open-in-view is enabled by default. Therefore, database queries may be performed during view rendering. Explicitly configure spring.jpa.open-in-view to disable this warning
2023-10-09 23:20:51,548 INFO o.a.j.l.DirectJDKLog [main] Starting ProtocolHandler ["http-nio-auto-1"]
2023-10-09 23:20:51,583 INFO o.s.b.w.e.t.TomcatWebServer [main] Tomcat started on port(s): 59433 (http) with context path ''
2023-10-09 23:20:51,599 INFO o.s.b.StartupInfoLogger [main] Started RestControllerIntegrationTestRA in 6.393 seconds (process running for 8.479)
2023-10-09 23:20:54,082 INFO o.s.o.j.AbstractEntityManagerFactoryBean [SpringApplicationShutdownHook] Closing JPA EntityManagerFactory for persistence unit 'default'
2023-10-09 23:20:54,278 INFO c.z.h.HikariDataSource [SpringApplicationShutdownHook] HikariPool-1 - Shutdown initiated...
2023-10-09 23:20:54,287 INFO c.z.h.HikariDataSource [SpringApplicationShutdownHook] HikariPool-1 - Shutdown completed.
